  Server.cpp
C:\Users\Tarik Vu\source\repos\cs3505-final-project\Server\Server\Server.cpp(13,18): warning C4244: '=': conversion from 'SOCKET' to 'int', possible loss of data
C:\Users\Tarik Vu\source\repos\cs3505-final-project\Server\Server\Server.cpp(61,21): warning C4244: 'argument': conversion from 'SOCKET' to 'int', possible loss of data
C:\Users\Tarik Vu\source\repos\cs3505-final-project\Server\Server\Server.cpp(73,25): warning C4244: 'argument': conversion from 'SOCKET' to 'int', possible loss of data
C:\Users\Tarik Vu\source\repos\cs3505-final-project\Server\Server\Server.cpp(80,24): warning C4244: 'argument': conversion from 'SOCKET' to 'int', possible loss of data
C:\Users\Tarik Vu\source\repos\cs3505-final-project\Server\Server\Server.cpp(103,20): warning C4018: '<': signed/unsigned mismatch
C:\Users\Tarik Vu\source\repos\cs3505-final-project\Server\Server\Server.cpp(109,17): warning C4244: 'argument': conversion from 'SOCKET' to 'int', possible loss of data
C:\Program Files (x86)\Microsoft Visual Studio\2019\Enterprise\VC\Tools\MSVC\14.28.29333\include\xmemory(701,82): error C2661: 'std::pair<const int,Spreadsheet *>::pair': no overloaded function takes 2 arguments
C:\Program Files (x86)\Microsoft Visual Studio\2019\Enterprise\VC\Tools\MSVC\14.28.29333\include\xtree(805): message : see reference to function template instantiation 'void std::_Default_allocator_traits<_Alloc>::construct<_Ty,int&,std::string&>(_Alloc &,_Objty *const ,int &,std::string &)' being compiled
          with
          [
              _Alloc=std::allocator<std::_Tree_node<std::pair<const int,Spreadsheet *>,std::_Default_allocator_traits<std::allocator<std::pair<const int,Spreadsheet *>>>::void_pointer>>,
              _Ty=std::pair<const int,Spreadsheet *>,
              _Objty=std::pair<const int,Spreadsheet *>
          ]
C:\Program Files (x86)\Microsoft Visual Studio\2019\Enterprise\VC\Tools\MSVC\14.28.29333\include\xtree(806): message : see reference to function template instantiation 'void std::_Default_allocator_traits<_Alloc>::construct<_Ty,int&,std::string&>(_Alloc &,_Objty *const ,int &,std::string &)' being compiled
          with
          [
              _Alloc=std::allocator<std::_Tree_node<std::pair<const int,Spreadsheet *>,std::_Default_allocator_traits<std::allocator<std::pair<const int,Spreadsheet *>>>::void_pointer>>,
              _Ty=std::pair<const int,Spreadsheet *>,
              _Objty=std::pair<const int,Spreadsheet *>
          ]
C:\Program Files (x86)\Microsoft Visual Studio\2019\Enterprise\VC\Tools\MSVC\14.28.29333\include\xtree(1002): message : see reference to function template instantiation 'std::_Tree_temp_node<std::allocator<std::_Tree_node<std::pair<const int,Spreadsheet *>,std::_Default_allocator_traits<_Alloc>::void_pointer>>>::_Tree_temp_node<int&,std::string&>(_Alnode &,std::_Tree_node<std::pair<const int,Spreadsheet *>,std::_Default_allocator_traits<_Alloc>::void_pointer> *,int &,std::string &)' being compiled
          with
          [
              _Alloc=std::allocator<std::pair<const int,Spreadsheet *>>,
              _Alnode=std::allocator<std::_Tree_node<std::pair<const int,Spreadsheet *>,std::_Default_allocator_traits<std::allocator<std::pair<const int,Spreadsheet *>>>::void_pointer>>
          ]
C:\Program Files (x86)\Microsoft Visual Studio\2019\Enterprise\VC\Tools\MSVC\14.28.29333\include\xtree(1015): message : see reference to function template instantiation 'std::_Tree_temp_node<std::allocator<std::_Tree_node<std::pair<const int,Spreadsheet *>,std::_Default_allocator_traits<_Alloc>::void_pointer>>>::_Tree_temp_node<int&,std::string&>(_Alnode &,std::_Tree_node<std::pair<const int,Spreadsheet *>,std::_Default_allocator_traits<_Alloc>::void_pointer> *,int &,std::string &)' being compiled
          with
          [
              _Alloc=std::allocator<std::pair<const int,Spreadsheet *>>,
              _Alnode=std::allocator<std::_Tree_node<std::pair<const int,Spreadsheet *>,std::_Default_allocator_traits<std::allocator<std::pair<const int,Spreadsheet *>>>::void_pointer>>
          ]
C:\Program Files (x86)\Microsoft Visual Studio\2019\Enterprise\VC\Tools\MSVC\14.28.29333\include\xtree(1094): message : see reference to function template instantiation 'std::pair<std::_Tree_node<std::pair<const int,Spreadsheet *>,std::_Default_allocator_traits<_Alloc>::void_pointer> *,bool> std::_Tree<std::_Tmap_traits<_Kty,_Ty,_Pr,_Alloc,false>>::_Emplace<int&,std::string&>(int &,std::string &)' being compiled
          with
          [
              _Alloc=std::allocator<std::pair<const int,Spreadsheet *>>,
              _Kty=int,
              _Ty=Spreadsheet *,
              _Pr=std::less<int>
          ]
C:\Program Files (x86)\Microsoft Visual Studio\2019\Enterprise\VC\Tools\MSVC\14.28.29333\include\xtree(1095): message : see reference to function template instantiation 'std::pair<std::_Tree_node<std::pair<const int,Spreadsheet *>,std::_Default_allocator_traits<_Alloc>::void_pointer> *,bool> std::_Tree<std::_Tmap_traits<_Kty,_Ty,_Pr,_Alloc,false>>::_Emplace<int&,std::string&>(int &,std::string &)' being compiled
          with
          [
              _Alloc=std::allocator<std::pair<const int,Spreadsheet *>>,
              _Kty=int,
              _Ty=Spreadsheet *,
              _Pr=std::less<int>
          ]
C:\Users\Tarik Vu\source\repos\cs3505-final-project\Server\Server\Server.cpp(183): message : see reference to function template instantiation 'std::pair<std::_Tree_iterator<std::_Tree_val<std::_Tree_simple_types<std::pair<const int,Spreadsheet *>>>>,bool> std::_Tree<std::_Tmap_traits<_Kty,_Ty,_Pr,_Alloc,false>>::emplace<int&,std::string&>(int &,std::string &)' being compiled
          with
          [
              _Kty=int,
              _Ty=Spreadsheet *,
              _Pr=std::less<int>,
              _Alloc=std::allocator<std::pair<const int,Spreadsheet *>>
          ]
C:\Users\Tarik Vu\source\repos\cs3505-final-project\Server\Server\Server.cpp(183): message : see reference to function template instantiation 'std::pair<std::_Tree_iterator<std::_Tree_val<std::_Tree_simple_types<std::pair<const int,Spreadsheet *>>>>,bool> std::_Tree<std::_Tmap_traits<_Kty,_Ty,_Pr,_Alloc,false>>::emplace<int&,std::string&>(int &,std::string &)' being compiled
          with
          [
              _Kty=int,
              _Ty=Spreadsheet *,
              _Pr=std::less<int>,
              _Alloc=std::allocator<std::pair<const int,Spreadsheet *>>
          ]
