c:\users\diego\desktop\code\cs_3505\final_project\cs3505-final-project\server\server\debug\vc142.pdb
c:\users\diego\desktop\code\cs_3505\final_project\cs3505-final-project\server\server\debug\vc142.idb
c:\users\diego\desktop\code\cs_3505\final_project\cs3505-final-project\server\server\debug\server.obj
c:\users\diego\desktop\code\cs_3505\final_project\cs3505-final-project\server\server\debug\main.obj
c:\users\diego\desktop\code\cs_3505\final_project\cs3505-final-project\server\debug\server.pdb
c:\users\diego\desktop\code\cs_3505\final_project\cs3505-final-project\server\server\debug\server.tlog\cl.command.1.tlog
c:\users\diego\desktop\code\cs_3505\final_project\cs3505-final-project\server\server\debug\server.tlog\cl.read.1.tlog
c:\users\diego\desktop\code\cs_3505\final_project\cs3505-final-project\server\server\debug\server.tlog\cl.write.1.tlog
c:\users\diego\desktop\code\cs_3505\final_project\cs3505-final-project\server\server\debug\server.tlog\link-cvtres.read.1.tlog
c:\users\diego\desktop\code\cs_3505\final_project\cs3505-final-project\server\server\debug\server.tlog\link-cvtres.write.1.tlog
c:\users\diego\desktop\code\cs_3505\final_project\cs3505-final-project\server\server\debug\server.tlog\link-rc.read.1.tlog
c:\users\diego\desktop\code\cs_3505\final_project\cs3505-final-project\server\server\debug\server.tlog\link-rc.write.1.tlog
c:\users\diego\desktop\code\cs_3505\final_project\cs3505-final-project\server\server\debug\server.tlog\link.2272-cvtres.read.1.tlog
c:\users\diego\desktop\code\cs_3505\final_project\cs3505-final-project\server\server\debug\server.tlog\link.2272-cvtres.write.1.tlog
c:\users\diego\desktop\code\cs_3505\final_project\cs3505-final-project\server\server\debug\server.tlog\link.2272-rc.read.1.tlog
c:\users\diego\desktop\code\cs_3505\final_project\cs3505-final-project\server\server\debug\server.tlog\link.2272-rc.write.1.tlog
c:\users\diego\desktop\code\cs_3505\final_project\cs3505-final-project\server\server\debug\server.tlog\link.2272.read.1.tlog
c:\users\diego\desktop\code\cs_3505\final_project\cs3505-final-project\server\server\debug\server.tlog\link.2272.write.1.tlog
c:\users\diego\desktop\code\cs_3505\final_project\cs3505-final-project\server\server\debug\server.tlog\link.command.1.tlog
c:\users\diego\desktop\code\cs_3505\final_project\cs3505-final-project\server\server\debug\server.tlog\link.read.1.tlog
c:\users\diego\desktop\code\cs_3505\final_project\cs3505-final-project\server\server\debug\server.tlog\link.write.1.tlog
